0 info it worked if it ends with ok
1 verbose cli [ 'C:\\Program Files\\nodejs\\node.exe',
1 verbose cli   'C:\\Program Files\\nodejs\\node_modules\\npm\\bin\\npm-cli.js',
1 verbose cli   'rebuild',
1 verbose cli   'node-sass' ]
2 info using npm@2.14.4
3 info using node@v4.1.1
4 info readInstalled object
5 verbose rebuild path, id [ 'C:\\Users\\Max DeCurtins\\documents\\harvard extension\\csci e-109 data science\\electricity-price-predictor\\node_modules\\node-sass',
5 verbose rebuild   'node-sass@3.3.3' ]
6 silly rebuild set [ 'C:\\Users\\Max DeCurtins\\documents\\harvard extension\\csci e-109 data science\\electricity-price-predictor\\node_modules\\node-sass' ]
7 info build C:\Users\Max DeCurtins\documents\harvard extension\csci e-109 data science\electricity-price-predictor\node_modules\node-sass
8 info preinstall node-sass@3.3.3
9 info linkStuff node-sass@3.3.3
10 silly linkStuff node-sass@3.3.3 has C:\Users\Max DeCurtins\documents\harvard extension\csci e-109 data science\electricity-price-predictor\node_modules as its parent node_modules
11 verbose linkBins node-sass@3.3.3
12 verbose link bins [ { 'node-sass': 'bin/node-sass' },
12 verbose link bins   'C:\\Users\\Max DeCurtins\\documents\\harvard extension\\csci e-109 data science\\electricity-price-predictor\\node_modules\\.bin',
12 verbose link bins   false ]
13 verbose linkMans node-sass@3.3.3
14 verbose rebuildBundles node-sass@3.3.3
15 verbose rebuildBundles [ '.bin',
15 verbose rebuildBundles   'async-foreach',
15 verbose rebuildBundles   'chalk',
15 verbose rebuildBundles   'cross-spawn',
15 verbose rebuildBundles   'gaze',
15 verbose rebuildBundles   'get-stdin',
15 verbose rebuildBundles   'glob',
15 verbose rebuildBundles   'meow',
15 verbose rebuildBundles   'mkdirp',
15 verbose rebuildBundles   'nan',
15 verbose rebuildBundles   'node-gyp',
15 verbose rebuildBundles   'npmconf',
15 verbose rebuildBundles   'request',
15 verbose rebuildBundles   'sass-graph' ]
16 info install node-sass@3.3.3
17 verbose unsafe-perm in lifecycle true
18 info node-sass@3.3.3 Failed to exec install script
19 verbose stack Error: node-sass@3.3.3 install: `node scripts/install.js`
19 verbose stack Exit status 1
19 verbose stack     at EventEmitter.<anonymous> (C:\Program Files\nodejs\node_modules\npm\lib\utils\lifecycle.js:214:16)
19 verbose stack     at emitTwo (events.js:87:13)
19 verbose stack     at EventEmitter.emit (events.js:172:7)
19 verbose stack     at ChildProcess.<anonymous> (C:\Program Files\nodejs\node_modules\npm\lib\utils\spawn.js:24:14)
19 verbose stack     at emitTwo (events.js:87:13)
19 verbose stack     at ChildProcess.emit (events.js:172:7)
19 verbose stack     at maybeClose (internal/child_process.js:817:16)
19 verbose stack     at Process.ChildProcess._handle.onexit (internal/child_process.js:211:5)
20 verbose pkgid node-sass@3.3.3
21 verbose cwd C:\Users\Max DeCurtins\documents\harvard extension\csci e-109 data science\electricity-price-predictor
22 error Windows_NT 10.0.10240
23 error argv "C:\\Program Files\\nodejs\\node.exe" "C:\\Program Files\\nodejs\\node_modules\\npm\\bin\\npm-cli.js" "rebuild" "node-sass"
24 error node v4.1.1
25 error npm  v2.14.4
26 error code ELIFECYCLE
27 error node-sass@3.3.3 install: `node scripts/install.js`
27 error Exit status 1
28 error Failed at the node-sass@3.3.3 install script 'node scripts/install.js'.
28 error This is most likely a problem with the node-sass package,
28 error not with npm itself.
28 error Tell the author that this fails on your system:
28 error     node scripts/install.js
28 error You can get their info via:
28 error     npm owner ls node-sass
28 error There is likely additional logging output above.
29 verbose exit [ 1, true ]
